app/build/intermediates/manifest_merge_blame_file/debug/manifest-merger-blame-debug-report.txt
1<?xml version="1.0" encoding="utf-8"?>
2<manifest xmlns:android="http://schemas.android.com/apk/res/android"
3    package="com.example.morningfirebasedbapp"
4    android:versionCode="1"
5    android:versionName="1.0" >
6
7    <uses-sdk
8        android:minSdkVersion="19"
8-->src/main/AndroidManifest.xml
9        android:targetSdkVersion="33" />
9-->src/main/AndroidManifest.xml
10
11    <!-- Although the *SdkVersion is captured in gradle build files, this is required for non gradle builds -->
12    <!-- <uses-sdk android:minSdkVersion="14"/> -->
13    <uses-permission android:name="android.permission.ACCESS_NETWORK_STATE" />
13-->[com.google.firebase:firebase-database:20.1.0] AndroidManifest.xml:24:5-79
13-->[com.google.firebase:firebase-database:20.1.0] AndroidManifest.xml:24:22-76
14    <uses-permission android:name="android.permission.INTERNET" />
14-->[com.google.firebase:firebase-database:20.1.0] AndroidManifest.xml:25:5-67
14-->[com.google.firebase:firebase-database:20.1.0] AndroidManifest.xml:25:22-64
15    <uses-permission android:name="android.permission.WAKE_LOCK" />
15-->[com.google.android.gms:play-services-measurement-api:21.2.1] AndroidManifest.xml:24:5-68
15-->[com.google.android.gms:play-services-measurement-api:21.2.1] AndroidManifest.xml:24:22-65
16    <uses-permission android:name="com.google.android.gms.permission.AD_ID" />
16-->[com.google.android.gms:play-services-measurement-api:21.2.1] AndroidManifest.xml:25:5-79
16-->[com.google.android.gms:play-services-measurement-api:21.2.1] AndroidManifest.xml:25:22-76
17    <uses-permission android:name="com.google.android.finsky.permission.BIND_GET_INSTALL_REFERRER_SERVICE" />
17-->[com.google.android.gms:play-services-measurement:21.2.1] AndroidManifest.xml:26:5-110
17-->[com.google.android.gms:play-services-measurement:21.2.1] AndroidManifest.xml:26:22-107
18
19    <permission
19-->[androidx.core:core:1.9.0] AndroidManifest.xml:22:5-24:47
20        android:name="com.example.morningfirebasedbapp.DYNAMIC_RECEIVER_NOT_EXPORTED_PERMISSION"
20-->[androidx.core:core:1.9.0] AndroidManifest.xml:23:9-81
21        android:protectionLevel="signature" />
21-->[androidx.core:core:1.9.0] AndroidManifest.xml:24:9-44
22
23    <uses-permission android:name="com.example.morningfirebasedbapp.DYNAMIC_RECEIVER_NOT_EXPORTED_PERMISSION" />
23-->[androidx.core:core:1.9.0] AndroidManifest.xml:26:5-97
23-->[androidx.core:core:1.9.0] AndroidManifest.xml:26:22-94
24
25    <application
25-->src/main/AndroidManifest.xml:5:5-23:19
26        android:allowBackup="true"
26-->src/main/AndroidManifest.xml:6:9-35
27        android:appComponentFactory="androidx.core.app.CoreComponentFactory"
27-->[androidx.core:core:1.9.0] AndroidManifest.xml:28:18-86
28        android:dataExtractionRules="@xml/data_extraction_rules"
28-->src/main/AndroidManifest.xml:7:9-65
29        android:debuggable="true"
30        android:fullBackupContent="@xml/backup_rules"
30-->src/main/AndroidManifest.xml:8:9-54
31        android:icon="@mipmap/ic_launcher"
31-->src/main/AndroidManifest.xml:9:9-43
32        android:label="@string/app_name"
32-->src/main/AndroidManifest.xml:10:9-41
33        android:supportsRtl="true"
33-->src/main/AndroidManifest.xml:11:9-35
34        android:testOnly="true"
35        android:theme="@style/Theme.MorningFirebaseDbApp" >
35-->src/main/AndroidManifest.xml:12:9-58
36        <activity
36-->src/main/AndroidManifest.xml:14:9-22:20
37            android:name="com.example.morningfirebasedbapp.MainActivity"
37-->src/main/AndroidManifest.xml:15:13-41
38            android:exported="true" >
38-->src/main/AndroidManifest.xml:16:13-36
39            <intent-filter>
39-->src/main/AndroidManifest.xml:17:13-21:29
40                <action android:name="android.intent.action.MAIN" />
40-->src/main/AndroidManifest.xml:18:17-69
40-->src/main/AndroidManifest.xml:18:25-66
41
42                <category android:name="android.intent.category.LAUNCHER" />
42-->src/main/AndroidManifest.xml:20:17-77
42-->src/main/AndroidManifest.xml:20:27-74
43            </intent-filter>
44        </activity>
45
46        <service
46-->[com.google.firebase:firebase-analytics-ktx:21.2.1] AndroidManifest.xml:8:9-14:19
47            android:name="com.google.firebase.components.ComponentDiscoveryService"
47-->[com.google.firebase:firebase-analytics-ktx:21.2.1] AndroidManifest.xml:9:13-84
48            android:directBootAware="true"
48-->[com.google.firebase:firebase-common:20.3.2] AndroidManifest.xml:34:13-43
49            android:exported="false" >
49-->[com.google.firebase:firebase-analytics-ktx:21.2.1] AndroidManifest.xml:10:13-37
50            <meta-data
50-->[com.google.firebase:firebase-analytics-ktx:21.2.1] AndroidManifest.xml:11:13-13:85
51                android:name="com.google.firebase.components:com.google.firebase.analytics.ktx.FirebaseAnalyticsKtxRegistrar"
51-->[com.google.firebase:firebase-analytics-ktx:21.2.1] AndroidManifest.xml:12:17-126
52                android:value="com.google.firebase.components.ComponentRegistrar" />
52-->[com.google.firebase:firebase-analytics-ktx:21.2.1] AndroidManifest.xml:13:17-82
53            <meta-data
53-->[com.google.firebase:firebase-common-ktx:20.3.2] AndroidManifest.xml:14:13-16:85
54                android:name="com.google.firebase.components:com.google.firebase.ktx.FirebaseCommonKtxRegistrar"
54-->[com.google.firebase:firebase-common-ktx:20.3.2] AndroidManifest.xml:15:17-113
55                android:value="com.google.firebase.components.ComponentRegistrar" />
55-->[com.google.firebase:firebase-common-ktx:20.3.2] AndroidManifest.xml:16:17-82
56            <meta-data
56-->[com.google.firebase:firebase-database:20.1.0] AndroidManifest.xml:31:13-33:85
57                android:name="com.google.firebase.components:com.google.firebase.database.DatabaseRegistrar"
57-->[com.google.firebase:firebase-database:20.1.0] AndroidManifest.xml:32:17-109
58                android:value="com.google.firebase.components.ComponentRegistrar" />
58-->[com.google.firebase:firebase-database:20.1.0] AndroidManifest.xml:33:17-82
59            <meta-data
59-->[com.google.android.gms:play-services-measurement-api:21.2.1] AndroidManifest.xml:31:13-33:85
60                android:name="com.google.firebase.components:com.google.firebase.analytics.connector.internal.AnalyticsConnectorRegistrar"
60-->[com.google.android.gms:play-services-measurement-api:21.2.1] AndroidManifest.xml:32:17-139
61                android:value="com.google.firebase.components.ComponentRegistrar" />
61-->[com.google.android.gms:play-services-measurement-api:21.2.1] AndroidManifest.xml:33:17-82
62            <meta-data
62-->[com.google.firebase:firebase-installations:17.1.3] AndroidManifest.xml:17:13-19:85
63                android:name="com.google.firebase.components:com.google.firebase.installations.FirebaseInstallationsRegistrar"
63-->[com.google.firebase:firebase-installations:17.1.3] AndroidManifest.xml:18:17-127
64                android:value="com.google.firebase.components.ComponentRegistrar" />
64-->[com.google.firebase:firebase-installations:17.1.3] AndroidManifest.xml:19:17-82
65        </service>
66
67        <activity
67-->[com.google.android.gms:play-services-base:18.0.1] AndroidManifest.xml:20:9-22:45
68            android:name="com.google.android.gms.common.api.GoogleApiActivity"
68-->[com.google.android.gms:play-services-base:18.0.1] AndroidManifest.xml:20:19-85
69            android:exported="false"
69-->[com.google.android.gms:play-services-base:18.0.1] AndroidManifest.xml:22:19-43
70            android:theme="@android:style/Theme.Translucent.NoTitleBar" />
70-->[com.google.android.gms:play-services-base:18.0.1] AndroidManifest.xml:21:19-78
71
72        <provider
72-->[com.google.firebase:firebase-common:20.3.2] AndroidManifest.xml:25:9-30:39
73            android:name="com.google.firebase.provider.FirebaseInitProvider"
73-->[com.google.firebase:firebase-common:20.3.2] AndroidManifest.xml:26:13-77
74            android:authorities="com.example.morningfirebasedbapp.firebaseinitprovider"
74-->[com.google.firebase:firebase-common:20.3.2] AndroidManifest.xml:27:13-72
75            android:directBootAware="true"
75-->[com.google.firebase:firebase-common:20.3.2] AndroidManifest.xml:28:13-43
76            android:exported="false"
76-->[com.google.firebase:firebase-common:20.3.2] AndroidManifest.xml:29:13-37
77            android:initOrder="100" />
77-->[com.google.firebase:firebase-common:20.3.2] AndroidManifest.xml:30:13-36
78
79        <receiver
79-->[com.google.android.gms:play-services-measurement:21.2.1] AndroidManifest.xml:29:9-33:20
80            android:name="com.google.android.gms.measurement.AppMeasurementReceiver"
80-->[com.google.android.gms:play-services-measurement:21.2.1] AndroidManifest.xml:30:13-85
81            android:enabled="true"
81-->[com.google.android.gms:play-services-measurement:21.2.1] AndroidManifest.xml:31:13-35
82            android:exported="false" >
82-->[com.google.android.gms:play-services-measurement:21.2.1] AndroidManifest.xml:32:13-37
83        </receiver>
84
85        <service
85-->[com.google.android.gms:play-services-measurement:21.2.1] AndroidManifest.xml:35:9-38:40
86            android:name="com.google.android.gms.measurement.AppMeasurementService"
86-->[com.google.android.gms:play-services-measurement:21.2.1] AndroidManifest.xml:36:13-84
87            android:enabled="true"
87-->[com.google.android.gms:play-services-measurement:21.2.1] AndroidManifest.xml:37:13-35
88            android:exported="false" />
88-->[com.google.android.gms:play-services-measurement:21.2.1] AndroidManifest.xml:38:13-37
89        <service
89-->[com.google.android.gms:play-services-measurement:21.2.1] AndroidManifest.xml:39:9-43:72
90            android:name="com.google.android.gms.measurement.AppMeasurementJobService"
90-->[com.google.android.gms:play-services-measurement:21.2.1] AndroidManifest.xml:40:13-87
91            android:enabled="true"
91-->[com.google.android.gms:play-services-measurement:21.2.1] AndroidManifest.xml:41:13-35
92            android:exported="false"
92-->[com.google.android.gms:play-services-measurement:21.2.1] AndroidManifest.xml:42:13-37
93            android:permission="android.permission.BIND_JOB_SERVICE" />
93-->[com.google.android.gms:play-services-measurement:21.2.1] AndroidManifest.xml:43:13-69
94
95        <meta-data
95-->[com.google.android.gms:play-services-basement:18.1.0] AndroidManifest.xml:21:9-23:69
96            android:name="com.google.android.gms.version"
96-->[com.google.android.gms:play-services-basement:18.1.0] AndroidManifest.xml:22:13-58
97            android:value="@integer/google_play_services_version" />
97-->[com.google.android.gms:play-services-basement:18.1.0] AndroidManifest.xml:23:13-66
98
99        <provider
99-->[androidx.emoji2:emoji2:1.2.0] AndroidManifest.xml:24:9-32:20
100            android:name="androidx.startup.InitializationProvider"
100-->[androidx.emoji2:emoji2:1.2.0] AndroidManifest.xml:25:13-67
101            android:authorities="com.example.morningfirebasedbapp.androidx-startup"
101-->[androidx.emoji2:emoji2:1.2.0] AndroidManifest.xml:26:13-68
102            android:exported="false" >
102-->[androidx.emoji2:emoji2:1.2.0] AndroidManifest.xml:27:13-37
103            <meta-data
103-->[androidx.emoji2:emoji2:1.2.0] AndroidManifest.xml:29:13-31:52
104                android:name="androidx.emoji2.text.EmojiCompatInitializer"
104-->[androidx.emoji2:emoji2:1.2.0] AndroidManifest.xml:30:17-75
105                android:value="androidx.startup" />
105-->[androidx.emoji2:emoji2:1.2.0] AndroidManifest.xml:31:17-49
106            <meta-data
106-->[androidx.lifecycle:lifecycle-process:2.4.1] AndroidManifest.xml:31:13-33:52
107                android:name="androidx.lifecycle.ProcessLifecycleInitializer"
107-->[androidx.lifecycle:lifecycle-process:2.4.1] AndroidManifest.xml:32:17-78
108                android:value="androidx.startup" />
108-->[androidx.lifecycle:lifecycle-process:2.4.1] AndroidManifest.xml:33:17-49
109        </provider>
110    </application>
111
112</manifest>